\BOOKMARK [1][-]{section.1}{\376\377\000O\000b\000j\000e\000t\000i\000v\000o\000s}{}% 1
\BOOKMARK [1][-]{section.2}{\376\377\000I\000n\000t\000r\000o\000d\000u\000\347\000\343\000o\000\040\000A\000o\000\040\000P\000y\000t\000h\000o\000n}{}% 2
\BOOKMARK [2][-]{subsection.2.1}{\376\377\000P\000r\000o\000g\000r\000a\000m\000a\000\347\000\343\000o\000\040\000e\000\040\000A\000l\000g\000o\000r\000i\000t\000m\000o\000s}{section.2}% 3
\BOOKMARK [1][-]{section.3}{\376\377\000L\000i\000n\000g\000u\000a\000g\000e\000m\000\040\000P\000y\000t\000h\000o\000n}{}% 4
\BOOKMARK [2][-]{subsection.3.1}{\376\377\000S\000i\000n\000t\000a\000x\000e\000\040\000d\000o\000\040\000P\000y\000t\000h\000o\000n}{section.3}% 5
\BOOKMARK [3][-]{subsubsection.3.1.1}{\376\377\000E\000s\000t\000r\000u\000t\000u\000r\000a\000s\000\040\000d\000e\000\040\000C\000o\000n\000t\000r\000o\000l\000e}{subsection.3.1}% 6
\BOOKMARK [3][-]{subsubsection.3.1.2}{\376\377\000O\000p\000e\000r\000a\000d\000o\000r\000e\000s\000\040\000d\000a\000\040\000L\000i\000n\000g\000u\000a\000g\000e\000m}{subsection.3.1}% 7
\BOOKMARK [3][-]{subsubsection.3.1.3}{\376\377\000E\000s\000t\000r\000u\000t\000u\000r\000a\000s\000\040\000D\000e\000\040\000D\000a\000d\000o\000s}{subsection.3.1}% 8
\BOOKMARK [3][-]{subsubsection.3.1.4}{\376\377\000F\000u\000n\000\347\000\365\000e\000s}{subsection.3.1}% 9
\BOOKMARK [3][-]{subsubsection.3.1.5}{\376\377\000T\000r\000a\000t\000a\000m\000e\000n\000t\000o\000\040\000d\000e\000\040\000E\000x\000c\000e\000\347\000\365\000e\000s\000\040\000-\000\040\000b\000l\000o\000c\000o\000\040\000t\000r\000y\000\040\000.\000.\000.\000\040\000e\000x\000c\000e\000p\000t}{subsection.3.1}% 10
\BOOKMARK [1][-]{section.4}{\376\377\000M\000\343\000o\000\040\000n\000a\000\040\000M\000a\000s\000s\000a}{}% 11
\BOOKMARK [1][-]{section.5}{\376\377\000E\000x\000e\000r\000c\000\355\000c\000i\000o\000s}{}% 12
\BOOKMARK [2][-]{subsection.5.1}{\376\377\000Q\000u\000e\000s\000t\000\343\000o\000\040\0001}{section.5}% 13
\BOOKMARK [2][-]{subsection.5.2}{\376\377\000Q\000u\000e\000s\000t\000\343\000o\000\040\0002}{section.5}% 14
\BOOKMARK [2][-]{subsection.5.3}{\376\377\000Q\000u\000e\000s\000t\000\343\000o\000\040\0003}{section.5}% 15
\BOOKMARK [2][-]{subsection.5.4}{\376\377\000Q\000u\000e\000s\000t\000\343\000o\000\040\0004}{section.5}% 16
\BOOKMARK [2][-]{subsection.5.5}{\376\377\000Q\000u\000e\000s\000t\000\343\000o\000\040\0005}{section.5}% 17
\BOOKMARK [2][-]{subsection.5.6}{\376\377\000Q\000u\000e\000s\000t\000\343\000o\000\040\0006}{section.5}% 18
\BOOKMARK [2][-]{subsection.5.7}{\376\377\000Q\000u\000e\000s\000t\000\343\000o\000\040\0007}{section.5}% 19
\BOOKMARK [2][-]{subsection.5.8}{\376\377\000Q\000u\000e\000s\000t\000\343\000o\000\040\0009}{section.5}% 20
\BOOKMARK [2][-]{subsection.5.9}{\376\377\000Q\000u\000e\000s\000t\000\343\000o\000\040\0001\0000}{section.5}% 21
\BOOKMARK [1][-]{section.6}{\376\377\000P\000a\000l\000a\000v\000r\000a\000s\000\040\000F\000i\000n\000a\000i\000s}{}% 22
